<?xml version="1.0" encoding="UTF-8"?>
<testng-results ignored="0" total="2" passed="2" failed="0" skipped="0">
  <reporter-output>
  </reporter-output>
  <suite started-at="2023-03-21T10:13:04 IST" name="Default suite" finished-at="2023-03-21T10:13:04 IST" duration-ms="106">
    <groups>
    </groups>
    <test started-at="2023-03-21T10:13:04 IST" name="Default test" finished-at="2023-03-21T10:13:04 IST" duration-ms="106">
      <class name="com.TesetNG.Ex.Assert_As">
        <test-method signature="hard_assert()[pri:0, instance:com.TesetNG.Ex.Assert_As@366647c2]" started-at="2023-03-21T10:13:04 IST" name="hard_assert" finished-at="2023-03-21T10:13:04 IST" duration-ms="21" status="PASS">
          <reporter-output>
          </reporter-output>
        </test-method> <!-- hard_assert -->
        <test-method signature="soft_assert()[pri:0, instance:com.TesetNG.Ex.Assert_As@366647c2]" started-at="2023-03-21T10:13:04 IST" name="soft_assert" finished-at="2023-03-21T10:13:04 IST" duration-ms="13" status="PASS">
          <reporter-output>
          </reporter-output>
        </test-method> <!-- soft_assert -->
      </class> <!-- com.TesetNG.Ex.Assert_As -->
    </test> <!-- Default test -->
  </suite> <!-- Default suite -->
</testng-results>
