<?xml version="1.0" encoding="UTF-8"?>
<!-- Generated by org.testng.reporters.JUnitXMLReporter -->
<testsuite ignored="0" hostname="DESKTOP-V19UTEJ" failures="0" tests="7" name="Test" time="0.118" errors="0" timestamp="2023-04-26T12:25:33 IST">
  <testcase classname="org.test.TestNG_Pro" name="tc1" time="0.007"/>
  <testcase classname="org.test.TestNG_Pro" name="tc2" time="0.002"/>
  <testcase classname="org.test.TestNG_Pro" name="tc3" time="0.002"/>
  <testcase classname="org.test.B" name="tc11" time="0.003"/>
  <testcase classname="org.test.B" name="tc21" time="0.002"/>
  <testcase classname="org.test.A" name="tc31" time="0.003"/>
  <testcase classname="org.test.A" name="tc35" time="0.003"/>
</testsuite> <!-- Test -->
