<?xml version="1.0" encoding="UTF-8"?>
<testng-results ignored="0" total="3" passed="3" failed="0" skipped="0">
  <reporter-output>
  </reporter-output>
  <suite started-at="2023-04-27T02:34:01 IST" name="Suite" finished-at="2023-04-27T02:35:38 IST" duration-ms="96871">
    <groups>
    </groups>
    <test started-at="2023-04-27T02:34:01 IST" name="chromeTest" finished-at="2023-04-27T02:34:50 IST" duration-ms="48218">
      <class name="org.test.TestNG_6">
        <test-method signature="amazon(java.lang.String)[pri:0, instance:org.test.TestNG_6@3059cbc]" started-at="2023-04-27T02:34:01 IST" name="amazon" finished-at="2023-04-27T02:34:50 IST" duration-ms="48155" status="PASS">
          <params>
            <param index="0">
              <value>
                <![CDATA[chromebrowser]]>
              </value>
            </param>
          </params>
          <reporter-output>
          </reporter-output>
        </test-method> <!-- amazon -->
      </class> <!-- org.test.TestNG_6 -->
    </test> <!-- chromeTest -->
    <test started-at="2023-04-27T02:34:01 IST" name="edgeTest" finished-at="2023-04-27T02:35:16 IST" duration-ms="74778">
      <class name="org.test.TestNG_6">
        <test-method signature="amazon(java.lang.String)[pri:0, instance:org.test.TestNG_6@57cf54e1]" started-at="2023-04-27T02:34:01 IST" name="amazon" finished-at="2023-04-27T02:35:16 IST" duration-ms="74718" status="PASS">
          <params>
            <param index="0">
              <value>
                <![CDATA[edgebrowser]]>
              </value>
            </param>
          </params>
          <reporter-output>
          </reporter-output>
        </test-method> <!-- amazon -->
      </class> <!-- org.test.TestNG_6 -->
    </test> <!-- edgeTest -->
    <test started-at="2023-04-27T02:34:01 IST" name="firefoxTest" finished-at="2023-04-27T02:35:38 IST" duration-ms="96871">
      <class name="org.test.TestNG_6">
        <test-method signature="amazon(java.lang.String)[pri:0, instance:org.test.TestNG_6@1de76cc7]" started-at="2023-04-27T02:34:01 IST" name="amazon" finished-at="2023-04-27T02:35:38 IST" duration-ms="96813" status="PASS">
          <params>
            <param index="0">
              <value>
                <![CDATA[firefoxbrowser]]>
              </value>
            </param>
          </params>
          <reporter-output>
          </reporter-output>
        </test-method> <!-- amazon -->
      </class> <!-- org.test.TestNG_6 -->
    </test> <!-- firefoxTest -->
  </suite> <!-- Suite -->
</testng-results>
