<?xml version="1.0" encoding="UTF-8"?>
<testng-results ignored="0" total="1" passed="1" failed="0" skipped="0">
  <reporter-output>
  </reporter-output>
  <suite started-at="2023-05-10T15:13:13Z" name="Default suite" finished-at="2023-05-10T15:13:17Z" duration-ms="3955">
    <groups>
    </groups>
    <test started-at="2023-05-10T15:13:13Z" name="Default test" finished-at="2023-05-10T15:13:17Z" duration-ms="3955">
      <class name="org.restassured.TestNgApi">
        <test-method signature="getRequest()[pri:0, instance:org.restassured.TestNgApi@3081f72c]" started-at="2023-05-10T15:13:13Z" name="getRequest" finished-at="2023-05-10T15:13:17Z" duration-ms="3916" status="PASS">
          <reporter-output>
          </reporter-output>
        </test-method> <!-- getRequest -->
      </class> <!-- org.restassured.TestNgApi -->
    </test> <!-- Default test -->
  </suite> <!-- Default suite -->
</testng-results>
